[debug] [2018-03-08T17:29:46.768Z] ----------------------------------------------------------------------
[debug] [2018-03-08T17:29:46.776Z] Command:       C:\Program Files\nodejs\node.exe C:\Users\Sam\AppData\Roaming\npm\node_modules\firebase-tools\bin\firebase serve
[debug] [2018-03-08T17:29:46.777Z] CLI Version:   3.17.5
[debug] [2018-03-08T17:29:46.777Z] Platform:      win32
[debug] [2018-03-08T17:29:46.777Z] Node Version:  v8.9.3
[debug] [2018-03-08T17:29:46.780Z] Time:          Thu Mar 08 2018 11:29:46 GMT-0600 (Central Standard Time)
[debug] [2018-03-08T17:29:46.780Z] ----------------------------------------------------------------------
[debug] 
[debug] [2018-03-08T17:29:46.837Z] > command requires scopes: ["email","openid","https://www.googleapis.com/auth/cloudplatformprojects.readonly","https://www.googleapis.com/auth/firebase","https://www.googleapis.com/auth/cloud-platform"]
[debug] [2018-03-08T17:29:46.839Z] > authorizing via signed-in user
[debug] [2018-03-08T17:29:46.846Z] > refreshing access token with scopes: ["email","https://www.googleapis.com/auth/cloud-platform","https://www.googleapis.com/auth/cloudplatformprojects.readonly","https://www.googleapis.com/auth/firebase","openid"]
[debug] [2018-03-08T17:29:46.847Z] >>> HTTP REQUEST POST https://www.googleapis.com/oauth2/v3/token  
 { refresh_token: '1/zarbszTgRWBNuuXKRMIqu1DsSVXaU8FttQR6Il9D8r8',
  client_id: '563584335869-fgrhgmd47bqnekij5i8b5pr03ho849e6.apps.googleusercontent.com',
  client_secret: 'j9iVZfS8kkCEFUPaAeJV0sAi',
  grant_type: 'refresh_token',
  scope: 'email https://www.googleapis.com/auth/cloud-platform https://www.googleapis.com/auth/cloudplatformprojects.readonly https://www.googleapis.com/auth/firebase openid' } 
 Thu Mar 08 2018 11:29:46 GMT-0600 (Central Standard Time)
[debug] [2018-03-08T17:29:47.244Z] <<< HTTP RESPONSE 200
[debug] [2018-03-08T17:29:47.296Z] >>> HTTP REQUEST GET https://admin.firebase.com/v1/projects/rps-multiplayer-14455  
  
 Thu Mar 08 2018 11:29:47 GMT-0600 (Central Standard Time)
[debug] [2018-03-08T17:29:47.854Z] <<< HTTP RESPONSE 200
[debug] [2018-03-08T17:29:47.856Z] >>> HTTP REQUEST GET https://admin.firebase.com/v1/database/rps-multiplayer-14455/tokens  
  
 Thu Mar 08 2018 11:29:47 GMT-0600 (Central Standard Time)
[debug] [2018-03-08T17:29:48.166Z] <<< HTTP RESPONSE 200
[debug] [2018-03-08T17:29:48.168Z] >>> HTTP REQUEST GET https://cloudresourcemanager.googleapis.com/v1/projects/rps-multiplayer-14455  
  
 Thu Mar 08 2018 11:29:48 GMT-0600 (Central Standard Time)
[debug] [2018-03-08T17:29:48.646Z] <<< HTTP RESPONSE 200
[info] 
[info] === Serving from 'C:\Users\Sam\code\github-repositories\rps-multiplayer'...
[info] 
[debug] [2018-03-08T17:29:48.653Z] >>> HTTP REQUEST GET https://mobilesdk-pa.googleapis.com/v1/projects/862761191650/clients/_:getWebAppConfig  
  
 Thu Mar 08 2018 11:29:48 GMT-0600 (Central Standard Time)
[debug] [2018-03-08T17:29:49.137Z] <<< HTTP RESPONSE 200
[info] i  hosting: Serving hosting files from: public
[info] +  hosting: Local server: http://localhost:5000

[info] Shutting down...
[debug] [2018-03-08T19:17:42.979Z] ----------------------------------------------------------------------
[debug] [2018-03-08T19:17:42.986Z] Command:       C:\Program Files\nodejs\node.exe C:\Users\Sam\AppData\Roaming\npm\node_modules\firebase-tools\bin\firebase serve
[debug] [2018-03-08T19:17:42.987Z] CLI Version:   3.17.5
[debug] [2018-03-08T19:17:42.987Z] Platform:      win32
[debug] [2018-03-08T19:17:42.987Z] Node Version:  v8.9.3
[debug] [2018-03-08T19:17:42.990Z] Time:          Thu Mar 08 2018 13:17:42 GMT-0600 (Central Standard Time)
[debug] [2018-03-08T19:17:42.990Z] ----------------------------------------------------------------------
[debug] 
[debug] [2018-03-08T19:17:43.033Z] > command requires scopes: ["email","openid","https://www.googleapis.com/auth/cloudplatformprojects.readonly","https://www.googleapis.com/auth/firebase","https://www.googleapis.com/auth/cloud-platform"]
[debug] [2018-03-08T19:17:43.035Z] > authorizing via signed-in user
[debug] [2018-03-08T19:17:43.041Z] > refreshing access token with scopes: ["email","https://www.googleapis.com/auth/cloud-platform","https://www.googleapis.com/auth/cloudplatformprojects.readonly","https://www.googleapis.com/auth/firebase","openid"]
[debug] [2018-03-08T19:17:43.042Z] >>> HTTP REQUEST POST https://www.googleapis.com/oauth2/v3/token  
 { refresh_token: '1/zarbszTgRWBNuuXKRMIqu1DsSVXaU8FttQR6Il9D8r8',
  client_id: '563584335869-fgrhgmd47bqnekij5i8b5pr03ho849e6.apps.googleusercontent.com',
  client_secret: 'j9iVZfS8kkCEFUPaAeJV0sAi',
  grant_type: 'refresh_token',
  scope: 'email https://www.googleapis.com/auth/cloud-platform https://www.googleapis.com/auth/cloudplatformprojects.readonly https://www.googleapis.com/auth/firebase openid' } 
 Thu Mar 08 2018 13:17:43 GMT-0600 (Central Standard Time)
[debug] [2018-03-08T19:17:43.440Z] <<< HTTP RESPONSE 200
[debug] [2018-03-08T19:17:43.520Z] >>> HTTP REQUEST GET https://admin.firebase.com/v1/projects/rps-multiplayer-14455  
  
 Thu Mar 08 2018 13:17:43 GMT-0600 (Central Standard Time)
[debug] [2018-03-08T19:17:43.874Z] <<< HTTP RESPONSE 200
[debug] [2018-03-08T19:17:43.876Z] >>> HTTP REQUEST GET https://admin.firebase.com/v1/database/rps-multiplayer-14455/tokens  
  
 Thu Mar 08 2018 13:17:43 GMT-0600 (Central Standard Time)
[debug] [2018-03-08T19:17:44.401Z] <<< HTTP RESPONSE 200
[debug] [2018-03-08T19:17:44.403Z] >>> HTTP REQUEST GET https://cloudresourcemanager.googleapis.com/v1/projects/rps-multiplayer-14455  
  
 Thu Mar 08 2018 13:17:44 GMT-0600 (Central Standard Time)
[debug] [2018-03-08T19:17:45.016Z] <<< HTTP RESPONSE 200
[info] 
[info] === Serving from 'C:\Users\Sam\code\github-repositories\rps-multiplayer'...
[info] 
[debug] [2018-03-08T19:17:45.048Z] >>> HTTP REQUEST GET https://mobilesdk-pa.googleapis.com/v1/projects/862761191650/clients/_:getWebAppConfig  
  
 Thu Mar 08 2018 13:17:45 GMT-0600 (Central Standard Time)
[debug] [2018-03-08T19:17:45.834Z] <<< HTTP RESPONSE 200
[info] i  hosting: Serving hosting files from: public
[info] +  hosting: Local server: http://localhost:5000

[info] Shutting down...
