[debug] [2018-03-08T15:41:51.506Z] ----------------------------------------------------------------------
[debug] [2018-03-08T15:41:51.517Z] Command:       C:\Program Files\nodejs\node.exe C:\Users\Sam\AppData\Roaming\npm\node_modules\firebase-tools\bin\firebase serve
[debug] [2018-03-08T15:41:51.518Z] CLI Version:   3.17.5
[debug] [2018-03-08T15:41:51.518Z] Platform:      win32
[debug] [2018-03-08T15:41:51.518Z] Node Version:  v8.9.3
[debug] [2018-03-08T15:41:51.521Z] Time:          Thu Mar 08 2018 09:41:51 GMT-0600 (Central Standard Time)
[debug] [2018-03-08T15:41:51.521Z] ----------------------------------------------------------------------
[debug] 
[debug] [2018-03-08T15:41:51.583Z] > command requires scopes: ["email","openid","https://www.googleapis.com/auth/cloudplatformprojects.readonly","https://www.googleapis.com/auth/firebase","https://www.googleapis.com/auth/cloud-platform"]
[debug] [2018-03-08T15:41:51.585Z] > authorizing via signed-in user
[debug] [2018-03-08T15:41:51.592Z] > refreshing access token with scopes: ["email","https://www.googleapis.com/auth/cloud-platform","https://www.googleapis.com/auth/cloudplatformprojects.readonly","https://www.googleapis.com/auth/firebase","openid"]
[debug] [2018-03-08T15:41:51.593Z] >>> HTTP REQUEST POST https://www.googleapis.com/oauth2/v3/token  
 { refresh_token: '1/zarbszTgRWBNuuXKRMIqu1DsSVXaU8FttQR6Il9D8r8',
  client_id: '563584335869-fgrhgmd47bqnekij5i8b5pr03ho849e6.apps.googleusercontent.com',
  client_secret: 'j9iVZfS8kkCEFUPaAeJV0sAi',
  grant_type: 'refresh_token',
  scope: 'email https://www.googleapis.com/auth/cloud-platform https://www.googleapis.com/auth/cloudplatformprojects.readonly https://www.googleapis.com/auth/firebase openid' } 
 Thu Mar 08 2018 09:41:51 GMT-0600 (Central Standard Time)
[debug] [2018-03-08T15:41:52.055Z] <<< HTTP RESPONSE 200
[debug] [2018-03-08T15:41:52.111Z] >>> HTTP REQUEST GET https://admin.firebase.com/v1/projects/rps-multiplayer-14455  
  
 Thu Mar 08 2018 09:41:52 GMT-0600 (Central Standard Time)
[debug] [2018-03-08T15:41:52.499Z] <<< HTTP RESPONSE 200
[debug] [2018-03-08T15:41:52.502Z] >>> HTTP REQUEST GET https://admin.firebase.com/v1/database/rps-multiplayer-14455/tokens  
  
 Thu Mar 08 2018 09:41:52 GMT-0600 (Central Standard Time)
[debug] [2018-03-08T15:41:52.874Z] <<< HTTP RESPONSE 200
[debug] [2018-03-08T15:41:52.877Z] >>> HTTP REQUEST GET https://cloudresourcemanager.googleapis.com/v1/projects/rps-multiplayer-14455  
  
 Thu Mar 08 2018 09:41:52 GMT-0600 (Central Standard Time)
[debug] [2018-03-08T15:41:53.269Z] <<< HTTP RESPONSE 200
[info] 
[info] === Serving from 'C:\Users\Sam\code\github-repositories\rps-multiplayer'...
[info] 
[debug] [2018-03-08T15:41:53.318Z] >>> HTTP REQUEST GET https://mobilesdk-pa.googleapis.com/v1/projects/862761191650/clients/_:getWebAppConfig  
  
 Thu Mar 08 2018 09:41:53 GMT-0600 (Central Standard Time)
[debug] [2018-03-08T15:41:54.103Z] <<< HTTP RESPONSE 200
[info] i  hosting: Serving hosting files from: public
[info] +  hosting: Local server: http://localhost:5000

[info] Shutting down...
